#
# There is insufficient memory for the Java Runtime Environment to continue.
# Native memory allocation (malloc) failed to allocate 207328 bytes for Chunk::new
# Possible reasons:
#   The system is out of physical RAM or swap space
#   In 32 bit mode, the process size limit was hit
# Possible solutions:
#   Reduce memory load on the system
#   Increase physical memory or swap space
#   Check if swap backing store is full
#   Use 64 bit Java on a 64 bit OS
#   Decrease Java heap size (-Xmx/-Xms)
#   Decrease number of Java threads
#   Decrease Java thread stack sizes (-Xss)
#   Set larger code cache with -XX:ReservedCodeCacheSize=
# This output file may be truncated or incomplete.
#
#  Out of Memory Error (allocation.cpp:390), pid=16920, tid=0x0000000000004324
#
# JRE version: OpenJDK Runtime Environment (8.0) (build 1.8.0-adoptopenjdk-_2018_05_19_00_59-b00)
# Java VM: OpenJDK 64-Bit Server VM (25.71-b00 mixed mode windows-amd64 compressed oops)
# Failed to write core dump. Minidumps are not enabled by default on client versions of Windows
#

---------------  T H R E A D  ---------------

Current thread (0x00000000171d3000):  JavaThread "C2 CompilerThread0" daemon [_thread_in_native, id=17188, stack(0x0000000018840000,0x0000000018940000)]

Stack: [0x0000000018840000,0x0000000018940000]
[error occurred during error reporting (printing stack bounds), id 0xc0000005]

Native frames: (J=compiled Java code, j=interpreted, Vv=VM code, C=native code)


Current CompileTask:
C2:   2225 1377       4       java.io.DataInputStream::readUTF (501 bytes)


---------------  P R O C E S S  ---------------

Java Threads: ( => current thread )
  0x00000000194be000 JavaThread "Keep-Alive-Timer" daemon [_thread_blocked, id=12180, stack(0x000000001a080000,0x000000001a180000)]
  0x000000001722e800 JavaThread "Service Thread" daemon [_thread_blocked, id=22020, stack(0x0000000018f40000,0x0000000019040000)]
  0x00000000171df000 JavaThread "C1 CompilerThread2" daemon [_thread_blocked, id=22196, stack(0x0000000018a40000,0x0000000018b40000)]
  0x00000000171d7800 JavaThread "C2 CompilerThread1" daemon [_thread_in_native, id=14344, stack(0x0000000018940000,0x0000000018a40000)]
=>0x00000000171d3000 JavaThread "C2 CompilerThread0" daemon [_thread_in_native, id=17188, stack(0x0000000018840000,0x0000000018940000)]
  0x00000000171d1800 JavaThread "Attach Listener" daemon [_thread_blocked, id=17264, stack(0x0000000018740000,0x0000000018840000)]
  0x00000000171d0000 JavaThread "Signal Dispatcher" daemon [_thread_blocked, id=1328, stack(0x0000000018640000,0x0000000018740000)]
  0x00000000171bd800 JavaThread "Finalizer" daemon [_thread_blocked, id=17572, stack(0x0000000018440000,0x0000000018540000)]
  0x0000000017196800 JavaThread "Reference Handler" daemon [_thread_blocked, id=15008, stack(0x0000000018340000,0x0000000018440000)]
  0x00000000027c5000 JavaThread "main" [_thread_in_Java, id=8828, stack(0x00000000026c0000,0x00000000027c0000)]

Other Threads:
  0x0000000017194000 VMThread [stack: 0x0000000018240000,0x0000000018340000] [id=19288]
  0x0000000018b64000 WatcherThread [stack: 0x0000000019040000,0x0000000019140000] [id=22276]

VM state:not at safepoint (normal execution)

VM Mutex/Monitor currently owned by a thread: None

Heap:
 PSYoungGen      total 36864K, used 8520K [0x00000000d7380000, 0x00000000d9c80000, 0x0000000100000000)
  eden space 31744K, 10% used [0x00000000d7380000,0x00000000d76d5ad0,0x00000000d9280000)
  from space 5120K, 99% used [0x00000000d9280000,0x00000000d977c650,0x00000000d9780000)
  to   space 5120K, 0% used [0x00000000d9780000,0x00000000d9780000,0x00000000d9c80000)
 ParOldGen       total 84992K, used 1031K [0x0000000085a00000, 0x000000008ad00000, 0x00000000d7380000)
  object space 84992K, 1% used [0x0000000085a00000,0x0000000085b01f58,0x000000008ad00000)
 Metaspace       used 13652K, capacity 13944K, committed 14080K, reserved 1060864K
  class space    used 1619K, capacity 1726K, committed 1792K, reserved 1048576K

Card table byte_map: [0x0000000011c80000,0x0000000012060000] byte_map_base: 0x0000000011853000

Marking Bits: (ParMarkBitMap*) 0x000000005124be50
 Begin Bits: [0x00000000126f0000, 0x0000000014588000)
 End Bits:   [0x0000000014588000, 0x0000000016420000)

Polling page: 0x0000000000eb0000

CodeCache: size=245760Kb used=4715Kb max_used=4715Kb free=241044Kb
 bounds [0x00000000028c0000, 0x0000000002d60000, 0x00000000118c0000]
 total_blobs=1791 nmethods=1395 adapters=309
 compilation: enabled

Compilation events (10 events):
Event: 2.217 Thread 0x00000000171df000 1391       3       java.io.WinNTFileSystem::normalizePrefix (132 bytes)
Event: 2.219 Thread 0x00000000171df000 nmethod 1391 0x0000000002d56110 code [0x0000000002d564a0, 0x0000000002d58a88]
Event: 2.220 Thread 0x00000000171df000 1392       3       com.sun.xml.internal.bind.v2.model.nav.ReflectionNavigator::getReturnType (9 bytes)
Event: 2.221 Thread 0x00000000171df000 nmethod 1392 0x0000000002d425d0 code [0x0000000002d427e0, 0x0000000002d434a8]
Event: 2.221 Thread 0x00000000171df000 1393       3       com.sun.xml.internal.bind.v2.model.nav.ReflectionNavigator::getReturnType (9 bytes)
Event: 2.221 Thread 0x00000000171df000 nmethod 1393 0x0000000002d5a2d0 code [0x0000000002d5a4e0, 0x0000000002d5afe8]
Event: 2.221 Thread 0x00000000171df000 1394       3       sun.nio.cs.ThreadLocalCoders$Cache::forName (108 bytes)
Event: 2.222 Thread 0x00000000171df000 nmethod 1394 0x0000000002d5b850 code [0x0000000002d5bac0, 0x0000000002d5ce58]
Event: 2.222 Thread 0x00000000171df000 1395       1       com.sun.xml.internal.bind.v2.model.impl.PropertyInfoImpl::id (5 bytes)
Event: 2.222 Thread 0x00000000171df000 nmethod 1395 0x0000000002d42310 code [0x0000000002d42460, 0x0000000002d42570]

GC Heap History (2 events):
Event: 2.108 GC heap before
{Heap before GC invocations=1 (full 0):
 PSYoungGen      total 36864K, used 31744K [0x00000000d7380000, 0x00000000d9c80000, 0x0000000100000000)
  eden space 31744K, 100% used [0x00000000d7380000,0x00000000d9280000,0x00000000d9280000)
  from space 5120K, 0% used [0x00000000d9780000,0x00000000d9780000,0x00000000d9c80000)
  to   space 5120K, 0% used [0x00000000d9280000,0x00000000d9280000,0x00000000d9780000)
 ParOldGen       total 84992K, used 0K [0x0000000085a00000, 0x000000008ad00000, 0x00000000d7380000)
  object space 84992K, 0% used [0x0000000085a00000,0x0000000085a00000,0x000000008ad00000)
 Metaspace       used 12926K, capacity 13182K, committed 13440K, reserved 1060864K
  class space    used 1519K, capacity 1615K, committed 1664K, reserved 1048576K
Event: 2.116 GC heap after
Heap after GC invocations=1 (full 0):
 PSYoungGen      total 36864K, used 5105K [0x00000000d7380000, 0x00000000d9c80000, 0x0000000100000000)
  eden space 31744K, 0% used [0x00000000d7380000,0x00000000d7380000,0x00000000d9280000)
  from space 5120K, 99% used [0x00000000d9280000,0x00000000d977c650,0x00000000d9780000)
  to   space 5120K, 0% used [0x00000000d9780000,0x00000000d9780000,0x00000000d9c80000)
 ParOldGen       total 84992K, used 1031K [0x0000000085a00000, 0x000000008ad00000, 0x00000000d7380000)
  object space 84992K, 1% used [0x0000000085a00000,0x0000000085b01f58,0x000000008ad00000)
 Metaspace       used 12926K, capacity 13182K, committed 13440K, reserved 1060864K
  class space    used 1519K, capacity 1615K, committed 1664K, reserved 1048576K
}

Deoptimization events (10 events):
Event: 1.740 Thread 0x00000000027c5000 Uncommon trap: reason=unstable_if action=reinterpret pc=0x0000000002c99870 method=java.util.Arrays.equals([B[B)Z @ 12
Event: 2.081 Thread 0x00000000027c5000 Uncommon trap: reason=unstable_if action=reinterpret pc=0x0000000002c7aec8 method=java.util.HashMap.getNode(ILjava/lang/Object;)Ljava/util/HashMap$Node; @ 129
Event: 2.081 Thread 0x00000000027c5000 Uncommon trap: reason=bimorphic action=maybe_recompile pc=0x0000000002be07f4 method=java.util.HashMap.putVal(ILjava/lang/Object;Ljava/lang/Object;ZZ)Ljava/lang/Object; @ 203
Event: 2.083 Thread 0x00000000027c5000 Uncommon trap: reason=unstable_if action=reinterpret pc=0x0000000002baac3c method=java.util.HashMap.getNode(ILjava/lang/Object;)Ljava/util/HashMap$Node; @ 129
Event: 2.083 Thread 0x00000000027c5000 Uncommon trap: reason=bimorphic action=maybe_recompile pc=0x0000000002be07f4 method=java.util.HashMap.putVal(ILjava/lang/Object;Ljava/lang/Object;ZZ)Ljava/lang/Object; @ 203
Event: 2.105 Thread 0x00000000027c5000 Uncommon trap: reason=range_check action=make_not_entrant pc=0x0000000002cfe360 method=sun.reflect.generics.parser.SignatureParser.current()C @ 34
Event: 2.177 Thread 0x00000000027c5000 Uncommon trap: reason=bimorphic action=maybe_recompile pc=0x0000000002c5e39c method=java.io.DataInputStream.readInt()I @ 4
Event: 2.177 Thread 0x00000000027c5000 Uncommon trap: reason=bimorphic action=maybe_recompile pc=0x0000000002c5e39c method=java.io.DataInputStream.readInt()I @ 4
Event: 2.177 Thread 0x00000000027c5000 Uncommon trap: reason=bimorphic action=maybe_recompile pc=0x0000000002c5e39c method=java.io.DataInputStream.readInt()I @ 4
Event: 2.178 Thread 0x00000000027c5000 Uncommon trap: reason=bimorphic action=maybe_recompile pc=0x0000000002c5e39c method=java.io.DataInputStream.readInt()I @ 4

Classes redefined (0 events):
No events

Internal exceptions (10 events):
Event: 0.767 Thread 0x00000000027c5000 Exception <a 'sun/nio/fs/WindowsException'> (0x00000000d81dc890) thrown at [C:\Users\jenkins\workspace\openjdk8_build_x86-64_windows\openjdk\hotspot\src\share\vm\prims\jni.cpp, line 709]
Event: 0.767 Thread 0x00000000027c5000 Exception <a 'sun/nio/fs/WindowsException'> (0x00000000d81dcfd8) thrown at [C:\Users\jenkins\workspace\openjdk8_build_x86-64_windows\openjdk\hotspot\src\share\vm\prims\jni.cpp, line 709]
Event: 0.767 Thread 0x00000000027c5000 Exception <a 'sun/nio/fs/WindowsException'> (0x00000000d81dda68) thrown at [C:\Users\jenkins\workspace\openjdk8_build_x86-64_windows\openjdk\hotspot\src\share\vm\prims\jni.cpp, line 709]
Event: 0.768 Thread 0x00000000027c5000 Exception <a 'sun/nio/fs/WindowsException'> (0x00000000d81de118) thrown at [C:\Users\jenkins\workspace\openjdk8_build_x86-64_windows\openjdk\hotspot\src\share\vm\prims\jni.cpp, line 709]
Event: 1.740 Thread 0x00000000027c5000 Implicit null exception at 0x0000000002c99718 to 0x0000000002c9985d
Event: 2.017 Thread 0x00000000027c5000 Exception <a 'java/lang/ClassNotFoundException': com/sun/org/glassfish/hk2/osgiresourcelocator/ServiceLoader> (0x00000000d90620d0) thrown at [C:\Users\jenkins\workspace\openjdk8_build_x86-64_windows\openjdk\hotspot\src\share\vm\classfile\systemDictionary.
Event: 2.029 Thread 0x00000000027c5000 Exception <a 'java/lang/NullPointerException'> (0x00000000d906ed58) thrown at [C:\Users\jenkins\workspace\openjdk8_build_x86-64_windows\openjdk\hotspot\src\share\vm\interpreter\linkResolver.cpp, line 1287]
Event: 2.105 Thread 0x00000000027c5000 Exception <a 'java/lang/ArrayIndexOutOfBoundsException'> (0x00000000d9254868) thrown at [C:\Users\jenkins\workspace\openjdk8_build_x86-64_windows\openjdk\hotspot\src\share\vm\runtime\sharedRuntime.cpp, line 605]
Event: 2.105 Thread 0x00000000027c5000 Exception <a 'java/lang/ArrayIndexOutOfBoundsException': 18> (0x00000000d92555a8) thrown at [C:\Users\jenkins\workspace\openjdk8_build_x86-64_windows\openjdk\hotspot\src\share\vm\interpreter\interpreterRuntime.cpp, line 366]
Event: 2.106 Thread 0x00000000027c5000 Exception <a 'java/lang/ArrayIndexOutOfBoundsException': 62> (0x00000000d9256498) thrown at [C:\Users\jenkins\workspace\openjdk8_build_x86-64_windows\openjdk\hotspot\src\share\vm\interpreter\interpreterRuntime.cpp, line 366]

Events (10 events):
Event: 2.188 loading class com/sun/xml/internal/bind/v2/runtime/reflect/Lister$CollectionLister
Event: 2.189 loading class com/sun/xml/internal/bind/v2/runtime/reflect/Lister$CollectionLister done
Event: 2.189 loading class com/sun/xml/internal/bind/v2/ClassFactory
Event: 2.189 loading class com/sun/xml/internal/bind/v2/ClassFactory done
Event: 2.190 loading class com/sun/xml/internal/bind/v2/ClassFactory$1
Event: 2.190 loading class com/sun/xml/internal/bind/v2/ClassFactory$1 done
Event: 2.191 loading class com/sun/xml/internal/bind/v2/runtime/property/ValueProperty
Event: 2.191 loading class com/sun/xml/internal/bind/v2/runtime/property/ValueProperty done
Event: 2.202 loading class com/sun/xml/internal/bind/v2/runtime/reflect/TransducedAccessor$IDREFTransducedAccessorImpl
Event: 2.203 loading class com/sun/xml/internal/bind/v2/runtime/reflect/TransducedAccessor$IDREFTransducedAccessorImpl done


Dynamic libraries:
0x00007ff6dfab0000 - 0x00007ff6dfae5000 	C:\Program Files\Unity\Hub\Editor\2020.3.13f1\Editor\Data\PlaybackEngines\AndroidPlayer\OpenJDK\bin\java.exe
0x00007ffa0a5b0000 - 0x00007ffa0a7a5000 	C:\WINDOWS\SYSTEM32\ntdll.dll
0x00007ffa08c20000 - 0x00007ffa08cdd000 	C:\WINDOWS\System32\KERNEL32.DLL
0x00007ffa081b0000 - 0x00007ffa08479000 	C:\WINDOWS\System32\KERNELBASE.dll
0x00007ffa089d0000 - 0x00007ffa08a7c000 	C:\WINDOWS\System32\ADVAPI32.dll
0x00007ffa085f0000 - 0x00007ffa0868e000 	C:\WINDOWS\System32\msvcrt.dll
0x00007ffa08b50000 - 0x00007ffa08beb000 	C:\WINDOWS\System32\sechost.dll
0x00007ffa09340000 - 0x00007ffa0946a000 	C:\WINDOWS\System32\RPCRT4.dll
0x00007ffa08830000 - 0x00007ffa089d0000 	C:\WINDOWS\System32\USER32.dll
0x00007ffa08070000 - 0x00007ffa08092000 	C:\WINDOWS\System32\win32u.dll
0x00007ffa08a80000 - 0x00007ffa08aaa000 	C:\WINDOWS\System32\GDI32.dll
0x00007ffa08480000 - 0x00007ffa0858b000 	C:\WINDOWS\System32\gdi32full.dll
0x00007ffa07cc0000 - 0x00007ffa07d5d000 	C:\WINDOWS\System32\msvcp_win.dll
0x00007ffa07f70000 - 0x00007ffa08070000 	C:\WINDOWS\System32\ucrtbase.dll
0x00007ff9f2a40000 - 0x00007ff9f2cda000 	C:\WINDOWS\WinSxS\amd64_microsoft.windows.common-controls_6595b64144ccf1df_6.0.19041.1083_none_60bbe31371f34e71\COMCTL32.dll
0x00007ffa08bf0000 - 0x00007ffa08c20000 	C:\WINDOWS\System32\IMM32.DLL
0x00000000512d0000 - 0x00000000513a2000 	C:\Program Files\Unity\Hub\Editor\2020.3.13f1\Editor\Data\PlaybackEngines\AndroidPlayer\OpenJDK\jre\bin\msvcr100.dll
0x0000000050a80000 - 0x00000000512c9000 	C:\Program Files\Unity\Hub\Editor\2020.3.13f1\Editor\Data\PlaybackEngines\AndroidPlayer\OpenJDK\jre\bin\server\jvm.dll
0x00007ffa08b40000 - 0x00007ffa08b48000 	C:\WINDOWS\System32\PSAPI.DLL
0x00007ff9f1ae0000 - 0x00007ff9f1ae9000 	C:\WINDOWS\SYSTEM32\WSOCK32.dll
0x00007ff9f5340000 - 0x00007ff9f5367000 	C:\WINDOWS\SYSTEM32\WINMM.dll
0x00007ffa092d0000 - 0x00007ffa0933b000 	C:\WINDOWS\System32\WS2_32.dll
0x00007ff9f8210000 - 0x00007ff9f821a000 	C:\WINDOWS\SYSTEM32\VERSION.dll
0x00007ffa00920000 - 0x00007ffa0092f000 	C:\Program Files\Unity\Hub\Editor\2020.3.13f1\Editor\Data\PlaybackEngines\AndroidPlayer\OpenJDK\jre\bin\verify.dll
0x00007ff9f1580000 - 0x00007ff9f15a9000 	C:\Program Files\Unity\Hub\Editor\2020.3.13f1\Editor\Data\PlaybackEngines\AndroidPlayer\OpenJDK\jre\bin\java.dll
0x00007ff9ff640000 - 0x00007ff9ff656000 	C:\Program Files\Unity\Hub\Editor\2020.3.13f1\Editor\Data\PlaybackEngines\AndroidPlayer\OpenJDK\jre\bin\zip.dll
0x00007ffa099e0000 - 0x00007ffa0a11f000 	C:\WINDOWS\System32\SHELL32.dll
0x00007ffa059e0000 - 0x00007ffa06171000 	C:\WINDOWS\SYSTEM32\windows.storage.dll
0x00007ffa09470000 - 0x00007ffa097c5000 	C:\WINDOWS\System32\combase.dll
0x00007ffa07650000 - 0x00007ffa0767c000 	C:\WINDOWS\SYSTEM32\Wldp.dll
0x00007ffa0a490000 - 0x00007ffa0a53e000 	C:\WINDOWS\System32\SHCORE.dll
0x00007ffa0a430000 - 0x00007ffa0a485000 	C:\WINDOWS\System32\shlwapi.dll
0x00007ffa07c00000 - 0x00007ffa07c1f000 	C:\WINDOWS\SYSTEM32\profapi.dll
0x00007ff9fe910000 - 0x00007ff9fe92a000 	C:\Program Files\Unity\Hub\Editor\2020.3.13f1\Editor\Data\PlaybackEngines\AndroidPlayer\OpenJDK\jre\bin\net.dll
0x00007ffa07430000 - 0x00007ffa0749a000 	C:\WINDOWS\system32\mswsock.dll
0x00007ff9ebf50000 - 0x00007ff9ebf61000 	C:\Program Files\Unity\Hub\Editor\2020.3.13f1\Editor\Data\PlaybackEngines\AndroidPlayer\OpenJDK\jre\bin\nio.dll
0x00007ff9d56b0000 - 0x00007ff9d56d4000 	C:\Program Files\Unity\Hub\Editor\2020.3.13f1\Editor\Data\PlaybackEngines\AndroidPlayer\OpenJDK\jre\bin\sunec.dll
0x00007ffa07980000 - 0x00007ffa07998000 	C:\WINDOWS\SYSTEM32\CRYPTSP.dll
0x00007ffa06d80000 - 0x00007ffa06db4000 	C:\WINDOWS\system32\rsaenh.dll
0x00007ffa08130000 - 0x00007ffa08157000 	C:\WINDOWS\System32\bcrypt.dll
0x00007ffa07bc0000 - 0x00007ffa07bee000 	C:\WINDOWS\SYSTEM32\USERENV.dll
0x00007ffa080a0000 - 0x00007ffa08123000 	C:\WINDOWS\System32\bcryptprimitives.dll
0x00007ffa075b0000 - 0x00007ffa075bc000 	C:\WINDOWS\SYSTEM32\CRYPTBASE.dll
0x00007ffa070f0000 - 0x00007ffa0712b000 	C:\WINDOWS\SYSTEM32\IPHLPAPI.DLL
0x00007ffa08690000 - 0x00007ffa08698000 	C:\WINDOWS\System32\NSI.dll
0x00007ff9fecc0000 - 0x00007ff9fecd7000 	C:\WINDOWS\SYSTEM32\dhcpcsvc6.DLL
0x00007ff9fdb60000 - 0x00007ff9fdb7d000 	C:\WINDOWS\SYSTEM32\dhcpcsvc.DLL
0x00007ffa07130000 - 0x00007ffa071fc000 	C:\WINDOWS\SYSTEM32\DNSAPI.dll
0x00007ff9fe650000 - 0x00007ff9fe65b000 	C:\Program Files\Unity\Hub\Editor\2020.3.13f1\Editor\Data\PlaybackEngines\AndroidPlayer\OpenJDK\jre\bin\sunmscapi.dll
0x00007ffa07d60000 - 0x00007ffa07ebf000 	C:\WINDOWS\System32\CRYPT32.dll
0x00007ff9f6580000 - 0x00007ff9f658a000 	C:\Windows\System32\rasadhlp.dll
0x00007ff9fb4d0000 - 0x00007ff9fb54f000 	C:\WINDOWS\System32\fwpuclnt.dll

VM Arguments:
jvm_args: -Dfile.encoding=UTF-8 -Dcom.android.sdklib.toolsdir=C:\Program Files\Unity\Hub\Editor\2020.3.13f1\Editor\Data\PlaybackEngines\AndroidPlayer\SDK\tools\bin\\.. 
java_command: com.android.sdklib.tool.sdkmanager.SdkManagerCli --list
java_class_path (initial): C:\Program Files\Unity\Hub\Editor\2020.3.13f1\Editor\Data\PlaybackEngines\AndroidPlayer\SDK\tools\bin\..\lib\dvlib-26.0.0-dev.jar;C:\Program Files\Unity\Hub\Editor\2020.3.13f1\Editor\Data\PlaybackEngines\AndroidPlayer\SDK\tools\bin\..\lib\jimfs-1.1.jar;C:\Program Files\Unity\Hub\Editor\2020.3.13f1\Editor\Data\PlaybackEngines\AndroidPlayer\SDK\tools\bin\..\lib\jsr305-1.3.9.jar;C:\Program Files\Unity\Hub\Editor\2020.3.13f1\Editor\Data\PlaybackEngines\AndroidPlayer\SDK\tools\bin\..\lib\repository-26.0.0-dev.jar;C:\Program Files\Unity\Hub\Editor\2020.3.13f1\Editor\Data\PlaybackEngines\AndroidPlayer\SDK\tools\bin\..\lib\j2objc-annotations-1.1.jar;C:\Program Files\Unity\Hub\Editor\2020.3.13f1\Editor\Data\PlaybackEngines\AndroidPlayer\SDK\tools\bin\..\lib\layoutlib-api-26.0.0-dev.jar;C:\Program Files\Unity\Hub\Editor\2020.3.13f1\Editor\Data\PlaybackEngines\AndroidPlayer\SDK\tools\bin\..\lib\gson-2.3.jar;C:\Program Files\Unity\Hub\Editor\2020.3.13f1\Editor\Data\PlaybackEngines\AndroidPlayer\SDK\tools\bin\..\lib\httpcore-4.2.5.jar;C:\Program Files\Unity\Hub\Editor\2020.3.13f1\Editor\Data\PlaybackEngines\AndroidPlayer\SDK\tools\bin\..\lib\commons-logging-1.1.1.jar;C:\Program Files\Unity\Hub\Editor\2020.3.13f1\Editor\Data\PlaybackEngines\AndroidPlayer\SDK\tools\bin\..\lib\commons-compress-1.12.jar;C:\Program Files\Unity\Hub\Editor\2020.3.13f1\Editor\Data\PlaybackEngines\AndroidPlayer\SDK\tools\bin\..\lib\annotations-26.0.0-dev.jar;C:\Program Files\Unity\Hub\Editor\2020.3.13f1\Editor\Data\PlaybackEngines\AndroidPlayer\SDK\tools\bin\..\lib\error_prone_annotations-2.0.18.jar;C:\Program Files\Unity\Hub\Editor\2020.3.13f1\Editor\Data\PlaybackEngines\AndroidPlayer\SDK\tools\bin\..\lib\animal-sniffer-annotations-1.14.jar;C:\Program Files\Unity\Hub\Editor\2020.3.13f1\Editor\Data\PlaybackEngines\AndroidPlayer\SDK\tools\bin\..\lib\httpclient-4.2.6.jar;C:\Program Files\Unity\Hub\Editor\2020.3.13f1\Editor\Data\PlaybackEngines\AndroidPlayer\SDK\tools\bin\..\lib
Launcher Type: SUN_STANDARD

Environment Variables:
JAVA_HOME=C:\Program Files\Unity\Hub\Editor\2020.3.13f1\Editor\Data\PlaybackEngines\AndroidPlayer\OpenJDK
JAVA_TOOL_OPTIONS=-Dfile.encoding=UTF-8
PATH=C:\Program Files\Oculus\Support\oculus-runtime;C:\Windows\system32;C:\Windows;C:\Windows\System32\Wbem;C:\Windows\System32\WindowsPowerShell\v1.0\;C:\Windows\System32\OpenSSH\;C:\Program Files\Microsoft SQL Server\120\Tools\Binn\;C:\Program Files\Common Files\Autodesk Shared\;D:\Program Files\Git\cmd;C:\WINDOWS\system32;C:\WINDOWS;C:\WINDOWS\System32\Wbem;C:\WINDOWS\System32\WindowsPowerShell\v1.0\;C:\WINDOWS\System32\OpenSSH\;C:\Program Files (x86)\Intel\Intel(R) Management Engine Components\DAL;C:\Program Files\Intel\Intel(R) Management Engine Components\DAL;C:\Users\mjayj\AppData\Local\Microsoft\WindowsApps;
USERNAME=mjayjinad
OS=Windows_NT
PROCESSOR_IDENTIFIER=Intel64 Family 6 Model 158 Stepping 9, GenuineIntel



---------------  S Y S T E M  ---------------

OS: Windows 10.0 , 64 bit Build 19041 (10.0.19041.1023)

CPU:total 4 (initial active 4) (4 cores per cpu, 1 threads per core) family 6 model 158 stepping 9, cmov, cx8, fxsr, mmx, sse, sse2, sse3, ssse3, sse4.1, sse4.2, popcnt, avx, avx2, aes, clmul, erms, 3dnowpref, lzcnt, tsc, tscinvbit, bmi1, bmi2, adx

Memory: 4k page, physical 8015004k(562136k free), swap 32132252k(2556k free)

vm_info: OpenJDK 64-Bit Server VM (25.71-b00) for windows-amd64 JRE (1.8.0-adoptopenjdk-_2018_05_19_00_59-b00), built on May 19 2018 01:02:12 by "jenkins" with MS VC++ 10.0 (VS2010)

time: Thu Sep 30 14:25:32 2021
elapsed time: 2 seconds (0d 0h 0m 2s)

