Using pre-set license
Built from '2020.3/staging' branch; Version is '2020.3.13f1 (71691879b7f5) revision 7432472'; Using compiler version '192528614'; Build Type 'Release'
OS: 'Windows 10 Pro; OS build 19043.1083; Version 2009; 64bit' Language: 'en' Physical Memory: 7827 MB
BatchMode: 1, IsHumanControllingUs: 0, StartBugReporterOnCrash: 0, Is64bit: 1, IsPro: 0

 COMMAND LINE ARGUMENTS:
C:\Program Files\Unity\Hub\Editor\2020.3.13f1\Editor\Unity.exe
-adb2
-batchMode
-noUpm
-name
AssetImportWorker3
-projectPath
D:/Documents 2/Unity/Projects/World of The Extinct
-logFile
Logs/AssetImportWorker3.log
-srvPort
56072
Successfully changed project path to: D:/Documents 2/Unity/Projects/World of The Extinct
D:/Documents 2/Unity/Projects/World of The Extinct
Using Asset Import Pipeline V2.
Refreshing native plugins compatible for Editor in 111.87 ms, found 10 plugins.
Preloading 1 native plugins for Editor in 1.37 ms.
Initialize engine version: 2020.3.13f1 (71691879b7f5)
[Subsystems] Discovering subsystems at path C:/Program Files/Unity/Hub/Editor/2020.3.13f1/Editor/Data/Resources/UnitySubsystems
[Subsystems] Discovering subsystems at path D:/Documents 2/Unity/Projects/World of The Extinct/Assets
GfxDevice: creating device client; threaded=0
Direct3D:
    Version:  Direct3D 11.0 [level 11.1]
    Renderer: NVIDIA GeForce GTX 1050 Ti (ID=0x1c8c)
    Vendor:   
    VRAM:     4018 MB
    Driver:   27.21.14.6231
Shader 'Universal Render Pipeline/Particles/Lit': fallback shader 'Universal Render Pipeline/Particles/SimpleLit' not found
Initialize mono
Mono path[0] = 'C:/Program Files/Unity/Hub/Editor/2020.3.13f1/Editor/Data/Managed'
Mono path[1] = 'C:/Program Files/Unity/Hub/Editor/2020.3.13f1/Editor/Data/MonoBleedingEdge/lib/mono/unityjit'
Mono config path = 'C:/Program Files/Unity/Hub/Editor/2020.3.13f1/Editor/Data/MonoBleedingEdge/etc'
Using monoOptions --debugger-agent=transport=dt_socket,embedding=1,server=y,suspend=n,address=127.0.0.1:56096
Begin MonoManager ReloadAssembly
Registering precompiled unity dll's ...
Register platform support module: C:/Program Files/Unity/Hub/Editor/2020.3.13f1/Editor/Data/PlaybackEngines/WebGLSupport/UnityEditor.WebGL.Extensions.dll
Register platform support module: C:/Program Files/Unity/Hub/Editor/2020.3.13f1/Editor/Data/PlaybackEngines/WindowsStandaloneSupport/UnityEditor.WindowsStandalone.Extensions.dll
Registered in 0.003172 seconds.
Native extension for WindowsStandalone target not found
Native extension for WebGL target not found
Refreshing native plugins compatible for Editor in 83.04 ms, found 10 plugins.
Preloading 1 native plugins for Editor in 0.08 ms.
Mono: successfully reloaded assembly
- Completed reload, in  3.072 seconds
Platform modules already initialized, skipping
Registering precompiled user dll's ...
Registered in 0.009550 seconds.
Begin MonoManager ReloadAssembly
Native extension for WindowsStandalone target not found
Native extension for WebGL target not found
Refreshing native plugins compatible for Editor in 80.10 ms, found 10 plugins.
Preloading 1 native plugins for Editor in 0.22 ms.
[XR] OculusXRPlugin: registering subsystems
[XR] Unable to register display lifecyle provider: [1]
[XR] Oculus Input lifecycle provider registered.
[XR] Unable to register input lifecyle provider: [1]
NullReferenceException: Object reference not set to an instance of an object
  at Unity.XR.Oculus.OculusLoader.AssetPathToAbsolutePath (System.String assetPath) [0x00048] in D:\Documents 2\Unity\Projects\World of The Extinct\Library\PackageCache\com.unity.xr.oculus@1.9.1\Runtime\OculusLoader.cs:249 
  at Unity.XR.Oculus.OculusLoader.EditorLoadOVRPlugin () [0x0007b] in D:\Documents 2\Unity\Projects\World of The Extinct\Library\PackageCache\com.unity.xr.oculus@1.9.1\Runtime\OculusLoader.cs:234 

(Filename: Library/PackageCache/com.unity.xr.oculus@1.9.1/Runtime/OculusLoader.cs Line: 249)

Mono: successfully reloaded assembly
- Completed reload, in  2.626 seconds
Platform modules already initialized, skipping
========================================================================
Worker process is ready to serve import requests
Shader 'Universal Render Pipeline/Particles/Lit': fallback shader 'Universal Render Pipeline/Particles/SimpleLit' not found
Launched and connected shader compiler UnityShaderCompiler.exe after 0.12 seconds
Refreshing native plugins compatible for Editor in 1.16 ms, found 10 plugins.
Preloading 1 native plugins for Editor in 0.07 ms.
Unloading 3474 Unused Serialized files (Serialized files now loaded: 0)
System memory in use before: 156.7 MB.
System memory in use after: 156.9 MB.

Unloading 40 unused Assets to reduce memory usage. Loaded Objects now: 3935.
Total: 4.288300 ms (FindLiveObjects: 0.631000 ms CreateObjectMapping: 0.302300 ms MarkObjects: 3.141100 ms  DeleteObjects: 0.212500 ms)

AssetImportParameters requested are different than current active one (requested -> active):
  custom:framework-win-MediaFoundation: 216162199b28c13a410421893ffa2e32 -> 
  custom:video-decoder-ogg-theora: a1e56fd34408186e4bbccfd4996cb3dc -> 
  custom:container-muxer-webm: aa71ff27fc2769a1b78a27578f13a17b -> 
  custom:container-demuxer-webm: 4f35f7cbe854078d1ac9338744f61a02 -> 
  custom:container-demuxer-ogg: 62fdf1f143b41e24485cea50d1cbac27 -> 
  custom:video-encoder-webm-vp8: eb34c28f22e8b96e1ab97ce403110664 -> 
  custom:video-decoder-webm-vp8: 9c59270c3fd7afecdb556c50c9e8de78 -> 
  custom:audio-decoder-ogg-vorbis: bf7c407c2cedff20999df2af8eb42d56 -> 
  custom:audio-encoder-webm-vorbis: bf7c407c2cedff20999df2af8eb42d56 -> 
========================================================================
Received Import Request.
  path: Assets/Video/InShot_20211005_015012024.mp4
  artifactKey: Guid(b9975445460ba084bb4e6719bf7f3902) Importer(815301076,1909f56bfc062723c751e8b465ee728b)
Start importing Assets/Video/InShot_20211005_015012024.mp4 using Guid(b9975445460ba084bb4e6719bf7f3902) Importer(815301076,1909f56bfc062723c751e8b465ee728b)  -> (artifact id: '932070f92ad8f29aafa7acd3f85b5afc') in 0.049800 seconds 
  Import took 0.075917 seconds .

========================================================================
Received Import Request.
  Time since last request: 0.000436 seconds.
  path: Assets/Video/InShot_20210928_085504289.mp4
  artifactKey: Guid(728a37fca60e2ee4ab6cf738571ddf48) Importer(815301076,1909f56bfc062723c751e8b465ee728b)
Start importing Assets/Video/InShot_20210928_085504289.mp4 using Guid(728a37fca60e2ee4ab6cf738571ddf48) Importer(815301076,1909f56bfc062723c751e8b465ee728b)  -> (artifact id: 'c4071c6dfb8614d17dae05966b2f4cd2') in 0.030403 seconds 
  Import took 0.053068 seconds .

========================================================================
Received Import Request.
  Time since last request: 0.000424 seconds.
  path: Assets/Video/InShot_20211005_014948254.mp4
  artifactKey: Guid(952f5193119a0ff4caa79bf1c14817b4) Importer(815301076,1909f56bfc062723c751e8b465ee728b)
Start importing Assets/Video/InShot_20211005_014948254.mp4 using Guid(952f5193119a0ff4caa79bf1c14817b4) Importer(815301076,1909f56bfc062723c751e8b465ee728b)  -> (artifact id: '2fea14a79fa24e92086f20299f63c087') in 0.009978 seconds 
  Import took 0.027665 seconds .

========================================================================
Received Import Request.
  Time since last request: 0.000368 seconds.
  path: Assets/Video/InShot_20211005_014906841.mp4
  artifactKey: Guid(91fa336df73feb44894572923580e55b) Importer(815301076,1909f56bfc062723c751e8b465ee728b)
Start importing Assets/Video/InShot_20211005_014906841.mp4 using Guid(91fa336df73feb44894572923580e55b) Importer(815301076,1909f56bfc062723c751e8b465ee728b)  -> (artifact id: 'a29fb65f9e96045c45f18280e66b93af') in 0.009883 seconds 
  Import took 0.040067 seconds .

========================================================================
Received Import Request.
  Time since last request: 0.000458 seconds.
  path: Assets/Video/InShot_20211005_015046408.mp4
  artifactKey: Guid(64c2b0ebd5816b34692c1d72852ddc2e) Importer(815301076,1909f56bfc062723c751e8b465ee728b)
Start importing Assets/Video/InShot_20211005_015046408.mp4 using Guid(64c2b0ebd5816b34692c1d72852ddc2e) Importer(815301076,1909f56bfc062723c751e8b465ee728b)  -> (artifact id: '9c5f6b236c9b8a96bb475a367081a5a3') in 0.007496 seconds 
  Import took 0.030577 seconds .

========================================================================
Received Import Request.
  Time since last request: 0.000367 seconds.
  path: Assets/Video/InShot_20211005_015105513.mp4
  artifactKey: Guid(6ad90c0456582d64bbfa5ea78c0839f6) Importer(815301076,1909f56bfc062723c751e8b465ee728b)
Start importing Assets/Video/InShot_20211005_015105513.mp4 using Guid(6ad90c0456582d64bbfa5ea78c0839f6) Importer(815301076,1909f56bfc062723c751e8b465ee728b)  -> (artifact id: '93a6bc67d4a4dbc0e2f788d7f225e3f3') in 0.008502 seconds 
  Import took 0.024675 seconds .

========================================================================
Received Import Request.
  Time since last request: 0.000385 seconds.
  path: Assets/Video/InShot_20211005_015206263.mp4
  artifactKey: Guid(3eb8d7c710533514ba7fa69ba383011f) Importer(815301076,1909f56bfc062723c751e8b465ee728b)
Start importing Assets/Video/InShot_20211005_015206263.mp4 using Guid(3eb8d7c710533514ba7fa69ba383011f) Importer(815301076,1909f56bfc062723c751e8b465ee728b)  -> (artifact id: '1ea9cc21df132b7d3588460870840859') in 0.008002 seconds 
  Import took 0.044200 seconds .

========================================================================
Received Import Request.
  Time since last request: 0.000372 seconds.
  path: Assets/Video/InShot_20211005_015146444.mp4
  artifactKey: Guid(af36c892a0bc3bd40aa63b1e3cf6b475) Importer(815301076,1909f56bfc062723c751e8b465ee728b)
Start importing Assets/Video/InShot_20211005_015146444.mp4 using Guid(af36c892a0bc3bd40aa63b1e3cf6b475) Importer(815301076,1909f56bfc062723c751e8b465ee728b)  -> (artifact id: 'af466d1290285d77f4c1a82f6b06b7c6') in 0.007552 seconds 
  Import took 0.028843 seconds .

========================================================================
Received Import Request.
  Time since last request: 0.000265 seconds.
  path: Assets/Video/InShot_20211005_015126785.mp4
  artifactKey: Guid(d22a6f919182fd24bace6805245f6d48) Importer(815301076,1909f56bfc062723c751e8b465ee728b)
Start importing Assets/Video/InShot_20211005_015126785.mp4 using Guid(d22a6f919182fd24bace6805245f6d48) Importer(815301076,1909f56bfc062723c751e8b465ee728b)  -> (artifact id: '65d4ee9e4b2ab9326ba91bd9d30f1452') in 0.009725 seconds 
  Import took 0.046967 seconds .

========================================================================
Received Import Request.
  Time since last request: 31.592430 seconds.
  path: Assets/Video/New Folder/InShot_20211004_154710983.mp4
  artifactKey: Guid(ac5fea74a146c0c478f8c0c6fc189b65) Importer(815301076,1909f56bfc062723c751e8b465ee728b)
Start importing Assets/Video/New Folder/InShot_20211004_154710983.mp4 using Guid(ac5fea74a146c0c478f8c0c6fc189b65) Importer(815301076,1909f56bfc062723c751e8b465ee728b)  -> (artifact id: '7d7f3044499bebcf3cdec00545ab197f') in 0.029697 seconds 
  Import took 0.063308 seconds .

========================================================================
Received Import Request.
  Time since last request: 0.000443 seconds.
  path: Assets/Video/New Folder/InShot_20211004_155006693.mp4
  artifactKey: Guid(498d801889ff4f64793a771658777029) Importer(815301076,1909f56bfc062723c751e8b465ee728b)
Start importing Assets/Video/New Folder/InShot_20211004_155006693.mp4 using Guid(498d801889ff4f64793a771658777029) Importer(815301076,1909f56bfc062723c751e8b465ee728b)  -> (artifact id: '9adfcd128d91122d63afc3e6165c5b83') in 0.033140 seconds 
  Import took 0.066253 seconds .

========================================================================
Received Import Request.
  Time since last request: 0.000606 seconds.
  path: Assets/Video/New Folder/InShot_20211004_155031747.mp4
  artifactKey: Guid(539f495f21c1c4846b0ccacbdd049d25) Importer(815301076,1909f56bfc062723c751e8b465ee728b)
Start importing Assets/Video/New Folder/InShot_20211004_155031747.mp4 using Guid(539f495f21c1c4846b0ccacbdd049d25) Importer(815301076,1909f56bfc062723c751e8b465ee728b)  -> (artifact id: 'dd1e309004cba69c48e538ef6255d956') in 0.011334 seconds 
  Import took 0.027050 seconds .

========================================================================
Received Import Request.
  Time since last request: 0.000382 seconds.
  path: Assets/Video/New Folder/InShot_20211004_154710983.mp4
  artifactKey: Guid(ac5fea74a146c0c478f8c0c6fc189b65) Importer(815301076,1909f56bfc062723c751e8b465ee728b)
Start importing Assets/Video/New Folder/InShot_20211004_154710983.mp4 using Guid(ac5fea74a146c0c478f8c0c6fc189b65) Importer(815301076,1909f56bfc062723c751e8b465ee728b)  -> (artifact id: '7d7f3044499bebcf3cdec00545ab197f') in 0.003337 seconds 
  Import took 0.011685 seconds .

========================================================================
Received Import Request.
  Time since last request: 0.000238 seconds.
  path: Assets/Video/New Folder/InShot_20211004_154940247.mp4
  artifactKey: Guid(9cdc4c5708d45824bbac6d9559c63c57) Importer(815301076,1909f56bfc062723c751e8b465ee728b)
Start importing Assets/Video/New Folder/InShot_20211004_154940247.mp4 using Guid(9cdc4c5708d45824bbac6d9559c63c57) Importer(815301076,1909f56bfc062723c751e8b465ee728b)  -> (artifact id: '3867b9ccd106f06f41592ce2838ada6f') in 0.021649 seconds 
  Import took 0.058087 seconds .

========================================================================
Received Import Request.
  Time since last request: 0.000490 seconds.
  path: Assets/Video/New Folder/InShot_20211004_154848666.mp4
  artifactKey: Guid(6aa84c49519a3b240a66cc0fc8da43c0) Importer(815301076,1909f56bfc062723c751e8b465ee728b)
Start importing Assets/Video/New Folder/InShot_20211004_154848666.mp4 using Guid(6aa84c49519a3b240a66cc0fc8da43c0) Importer(815301076,1909f56bfc062723c751e8b465ee728b)  -> (artifact id: '4e0fff772400857c4d81932f1593d4b9') in 0.023079 seconds 
  Import took 0.047832 seconds .

========================================================================
Received Import Request.
  Time since last request: 0.000381 seconds.
  path: Assets/Video/New Folder/InShot_20211004_154914577.mp4
  artifactKey: Guid(b95fbd36d190a1a4a9b99f0659721c03) Importer(815301076,1909f56bfc062723c751e8b465ee728b)
Start importing Assets/Video/New Folder/InShot_20211004_154914577.mp4 using Guid(b95fbd36d190a1a4a9b99f0659721c03) Importer(815301076,1909f56bfc062723c751e8b465ee728b)  -> (artifact id: '073a426e8b977b1f37c1184ff71e3a81') in 0.026659 seconds 
  Import took 0.055902 seconds .

========================================================================
Received Import Request.
  Time since last request: 0.000366 seconds.
  path: Assets/Video/New Folder/InShot_20211004_154828641.mp4
  artifactKey: Guid(983d569659416d24a9883a06240a3945) Importer(815301076,1909f56bfc062723c751e8b465ee728b)
Start importing Assets/Video/New Folder/InShot_20211004_154828641.mp4 using Guid(983d569659416d24a9883a06240a3945) Importer(815301076,1909f56bfc062723c751e8b465ee728b)  -> (artifact id: '31004330140980f1b780ac28083cba45') in 0.025217 seconds 
  Import took 0.059126 seconds .

========================================================================
Received Import Request.
  Time since last request: 0.000435 seconds.
  path: Assets/Video/New Folder/InShot_20211004_155050799.mp4
  artifactKey: Guid(fe0db6e07c1f4b34692fac6e3f3776fd) Importer(815301076,1909f56bfc062723c751e8b465ee728b)
Start importing Assets/Video/New Folder/InShot_20211004_155050799.mp4 using Guid(fe0db6e07c1f4b34692fac6e3f3776fd) Importer(815301076,1909f56bfc062723c751e8b465ee728b)  -> (artifact id: '6918e02946c6d08044d1acf5de62becb') in 0.028833 seconds 
  Import took 0.069638 seconds .

========================================================================
Received Prepare
Shader 'Universal Render Pipeline/Particles/Lit': fallback shader 'Universal Render Pipeline/Particles/SimpleLit' not found
Refreshing native plugins compatible for Editor in 17.71 ms, found 10 plugins.
Preloading 1 native plugins for Editor in 0.12 ms.
Unloading 30 Unused Serialized files (Serialized files now loaded: 0)
System memory in use before: 82.3 MB.
System memory in use after: 82.5 MB.

Unloading 30 unused Assets to reduce memory usage. Loaded Objects now: 3935.
Total: 8.363300 ms (FindLiveObjects: 0.710000 ms CreateObjectMapping: 0.435700 ms MarkObjects: 6.990900 ms  DeleteObjects: 0.222700 ms)

AssetImportParameters requested are different than current active one (requested -> active):
  custom:framework-win-MediaFoundation: 216162199b28c13a410421893ffa2e32 -> 
  custom:video-decoder-ogg-theora: a1e56fd34408186e4bbccfd4996cb3dc -> 
  custom:container-muxer-webm: aa71ff27fc2769a1b78a27578f13a17b -> 
  custom:container-demuxer-webm: 4f35f7cbe854078d1ac9338744f61a02 -> 
  custom:container-demuxer-ogg: 62fdf1f143b41e24485cea50d1cbac27 -> 
  custom:video-encoder-webm-vp8: eb34c28f22e8b96e1ab97ce403110664 -> 
  custom:video-decoder-webm-vp8: 9c59270c3fd7afecdb556c50c9e8de78 -> 
  custom:audio-decoder-ogg-vorbis: bf7c407c2cedff20999df2af8eb42d56 -> 
  custom:audio-encoder-webm-vorbis: bf7c407c2cedff20999df2af8eb42d56 -> 
========================================================================
Received Import Request.
  Time since last request: 282.106521 seconds.
  path: Assets/Material/Blue Hologram.mat
  artifactKey: Guid(e3df54c02e4a7fb4abc5698c0f9b444e) Importer(815301076,1909f56bfc062723c751e8b465ee728b)
Start importing Assets/Material/Blue Hologram.mat using Guid(e3df54c02e4a7fb4abc5698c0f9b444e) Importer(815301076,1909f56bfc062723c751e8b465ee728b)  -> (artifact id: 'dc36cc6882e75b807e77399deb46106a') in 0.790309 seconds 
  Import took 0.831220 seconds .

========================================================================
Received Import Request.
  Time since last request: 0.000414 seconds.
  path: Assets/Material/HologramLines_Cool.psd
  artifactKey: Guid(a2ebece26a3758244a549e5ebe568376) Importer(815301076,1909f56bfc062723c751e8b465ee728b)
Start importing Assets/Material/HologramLines_Cool.psd using Guid(a2ebece26a3758244a549e5ebe568376) Importer(815301076,1909f56bfc062723c751e8b465ee728b)  -> (artifact id: '1a6e8eb61a5cb08dac3f90337c1ceda3') in 0.082570 seconds 
  Import took 0.110839 seconds .

========================================================================
Received Import Request.
  Time since last request: 0.000317 seconds.
  path: Assets/Material/HologramLines_Simple.png
  artifactKey: Guid(9c5a95a592c142a40bb9a474419ff47c) Importer(815301076,1909f56bfc062723c751e8b465ee728b)
Start importing Assets/Material/HologramLines_Simple.png using Guid(9c5a95a592c142a40bb9a474419ff47c) Importer(815301076,1909f56bfc062723c751e8b465ee728b)  -> (artifact id: 'e92ed9611b436aeb333b14cebb2c67e7') in 0.057092 seconds 
  Import took 0.086226 seconds .

========================================================================
Received Import Request.
  Time since last request: 0.000374 seconds.
  path: Assets/Material/blue-holographic-gradient-hologram-screen-vector-22859454.jpg
  artifactKey: Guid(911203e11cc2e054a9612048d0b6096e) Importer(815301076,1909f56bfc062723c751e8b465ee728b)
Start importing Assets/Material/blue-holographic-gradient-hologram-screen-vector-22859454.jpg using Guid(911203e11cc2e054a9612048d0b6096e) Importer(815301076,1909f56bfc062723c751e8b465ee728b)  -> (artifact id: '42d21e4f9d8ddff8af59eccc672897f3') in 0.074527 seconds 
  Import took 0.108193 seconds .

========================================================================
Received Import Request.
  Time since last request: 17.774188 seconds.
  path: Assets/Material/xcvb.mat
  artifactKey: Guid(b9b5bc71c7ee44248a81fab030464809) Importer(815301076,1909f56bfc062723c751e8b465ee728b)
Start importing Assets/Material/xcvb.mat using Guid(b9b5bc71c7ee44248a81fab030464809) Importer(815301076,1909f56bfc062723c751e8b465ee728b)  -> (artifact id: 'a721dc15abb892dcd7de8ff60008d495') in 0.065052 seconds 
  Import took 0.103051 seconds .

========================================================================
Received Import Request.
  Time since last request: 134.307152 seconds.
  path: Assets/Material/0001-9233570322_20211004_074219_0000.png
  artifactKey: Guid(f726a9a5e8575d141a720bae632c250f) Importer(815301076,1909f56bfc062723c751e8b465ee728b)
Start importing Assets/Material/0001-9233570322_20211004_074219_0000.png using Guid(f726a9a5e8575d141a720bae632c250f) Importer(815301076,1909f56bfc062723c751e8b465ee728b)  -> (artifact id: '495bf6b6bfc3e7b23b028813f3e80152') in 0.052689 seconds 
  Import took 0.077136 seconds .

========================================================================
Received Import Request.
  Time since last request: 0.000267 seconds.
  path: Assets/Material/0001-9234728386_20211004_081012_0000.png
  artifactKey: Guid(81fa6c5d63154db4cb26a7e766737c69) Importer(815301076,1909f56bfc062723c751e8b465ee728b)
Start importing Assets/Material/0001-9234728386_20211004_081012_0000.png using Guid(81fa6c5d63154db4cb26a7e766737c69) Importer(815301076,1909f56bfc062723c751e8b465ee728b)  -> (artifact id: 'b25d1b7f4e16f127daf3c07a54a89173') in 0.038678 seconds 
  Import took 0.047337 seconds .

========================================================================
Received Import Request.
  Time since last request: 0.000311 seconds.
  path: Assets/Material/0001-9236424777_20211004_084915_0000.png
  artifactKey: Guid(8add5f3e0e4935342933e7b8bcadd3ab) Importer(815301076,1909f56bfc062723c751e8b465ee728b)
Start importing Assets/Material/0001-9236424777_20211004_084915_0000.png using Guid(8add5f3e0e4935342933e7b8bcadd3ab) Importer(815301076,1909f56bfc062723c751e8b465ee728b)  -> (artifact id: '86e96185f604a676601e2b15758dfb46') in 0.039828 seconds 
  Import took 0.062046 seconds .

========================================================================
Received Import Request.
  Time since last request: 0.000301 seconds.
  path: Assets/Material/0001-9234678083_20211004_080902_0000.png
  artifactKey: Guid(4fe023fbad7530e4e86ce25fd6b17bcc) Importer(815301076,1909f56bfc062723c751e8b465ee728b)
Start importing Assets/Material/0001-9234678083_20211004_080902_0000.png using Guid(4fe023fbad7530e4e86ce25fd6b17bcc) Importer(815301076,1909f56bfc062723c751e8b465ee728b)  -> (artifact id: '79d2d084790b31673f8d40f073d13470') in 0.058962 seconds 
  Import took 0.078120 seconds .

========================================================================
Received Import Request.
  Time since last request: 34.686528 seconds.
  path: Assets/Material/xcvb.mat
  artifactKey: Guid(b9b5bc71c7ee44248a81fab030464809) Importer(815301076,1909f56bfc062723c751e8b465ee728b)
Start importing Assets/Material/xcvb.mat using Guid(b9b5bc71c7ee44248a81fab030464809) Importer(815301076,1909f56bfc062723c751e8b465ee728b)  -> (artifact id: '0495d02c52b7e9352b0640bd41220984') in 0.039618 seconds 
  Import took 0.065979 seconds .

========================================================================
Received Import Request.
  Time since last request: 0.670506 seconds.
  path: Assets/Material/xcvb 1.mat
  artifactKey: Guid(0c8c7a8ad691b534cbaacbb9c463cf33) Importer(815301076,1909f56bfc062723c751e8b465ee728b)
Start importing Assets/Material/xcvb 1.mat using Guid(0c8c7a8ad691b534cbaacbb9c463cf33) Importer(815301076,1909f56bfc062723c751e8b465ee728b)  -> (artifact id: '10f494b71614fe93cc681bea3c5c19d1') in 0.038140 seconds 
  Import took 0.052532 seconds .

========================================================================
Received Import Request.
  Time since last request: 0.986633 seconds.
  path: Assets/Material/xcvb 2.mat
  artifactKey: Guid(5e7bbb749797afe4a9cf90e5d71541fe) Importer(815301076,1909f56bfc062723c751e8b465ee728b)
Start importing Assets/Material/xcvb 2.mat using Guid(5e7bbb749797afe4a9cf90e5d71541fe) Importer(815301076,1909f56bfc062723c751e8b465ee728b)  -> (artifact id: 'be638653b71c3099af2e0e3f86249ff0') in 0.039986 seconds 
  Import took 0.066362 seconds .

========================================================================
Received Import Request.
  Time since last request: 159.742555 seconds.
  path: Assets/Material/xcvb 1.mat
  artifactKey: Guid(0c8c7a8ad691b534cbaacbb9c463cf33) Importer(815301076,1909f56bfc062723c751e8b465ee728b)
Start importing Assets/Material/xcvb 1.mat using Guid(0c8c7a8ad691b534cbaacbb9c463cf33) Importer(815301076,1909f56bfc062723c751e8b465ee728b)  -> (artifact id: 'fc388b42eb5f5be9d1875aa8b2074a72') in 0.043052 seconds 
  Import took 0.130189 seconds .

========================================================================
Received Import Request.
  Time since last request: 0.000435 seconds.
  path: Assets/Material/xcvb.mat
  artifactKey: Guid(b9b5bc71c7ee44248a81fab030464809) Importer(815301076,1909f56bfc062723c751e8b465ee728b)
Start importing Assets/Material/xcvb.mat using Guid(b9b5bc71c7ee44248a81fab030464809) Importer(815301076,1909f56bfc062723c751e8b465ee728b)  -> (artifact id: 'b9d528cc79465acd70404ee0d2901786') in 0.037843 seconds 
  Import took 0.052132 seconds .

========================================================================
Received Import Request.
  Time since last request: 0.000374 seconds.
  path: Assets/Material/xcvb 2.mat
  artifactKey: Guid(5e7bbb749797afe4a9cf90e5d71541fe) Importer(815301076,1909f56bfc062723c751e8b465ee728b)
Start importing Assets/Material/xcvb 2.mat using Guid(5e7bbb749797afe4a9cf90e5d71541fe) Importer(815301076,1909f56bfc062723c751e8b465ee728b)  -> (artifact id: '6815747a897924e2978618b3be411783') in 0.037045 seconds 
  Import took 0.070649 seconds .

========================================================================
Received Import Request.
  Time since last request: 0.000289 seconds.
  path: Assets/Material/xcvb 3.mat
  artifactKey: Guid(868862d64718e544ca3e3c887ca0c86a) Importer(815301076,1909f56bfc062723c751e8b465ee728b)
Start importing Assets/Material/xcvb 3.mat using Guid(868862d64718e544ca3e3c887ca0c86a) Importer(815301076,1909f56bfc062723c751e8b465ee728b)  -> (artifact id: '8d045316a54c925e82fd18915a76f32f') in 0.037924 seconds 
  Import took 0.049590 seconds .

========================================================================
Received Import Request.
  Time since last request: 0.002102 seconds.
  path: Assets/Material/xcvb 3.mat
  artifactKey: Guid(868862d64718e544ca3e3c887ca0c86a) Importer(815301076,1909f56bfc062723c751e8b465ee728b)
Start importing Assets/Material/xcvb 3.mat using Guid(868862d64718e544ca3e3c887ca0c86a) Importer(815301076,1909f56bfc062723c751e8b465ee728b)  -> (artifact id: '8d045316a54c925e82fd18915a76f32f') in 0.036281 seconds 
  Import took 0.047196 seconds .

========================================================================
Received Prepare
Shader 'Universal Render Pipeline/Particles/Lit': fallback shader 'Universal Render Pipeline/Particles/SimpleLit' not found
Refreshing native plugins compatible for Editor in 8.84 ms, found 10 plugins.
Preloading 1 native plugins for Editor in 0.08 ms.
Unloading 30 Unused Serialized files (Serialized files now loaded: 0)
System memory in use before: 87.3 MB.
System memory in use after: 87.5 MB.

Unloading 30 unused Assets to reduce memory usage. Loaded Objects now: 4041.
Total: 6.727100 ms (FindLiveObjects: 1.229300 ms CreateObjectMapping: 0.362900 ms MarkObjects: 4.987700 ms  DeleteObjects: 0.145400 ms)

AssetImportParameters requested are different than current active one (requested -> active):
  custom:framework-win-MediaFoundation: 216162199b28c13a410421893ffa2e32 -> 
  custom:video-decoder-ogg-theora: a1e56fd34408186e4bbccfd4996cb3dc -> 
  custom:container-muxer-webm: aa71ff27fc2769a1b78a27578f13a17b -> 
  custom:container-demuxer-webm: 4f35f7cbe854078d1ac9338744f61a02 -> 
  custom:container-demuxer-ogg: 62fdf1f143b41e24485cea50d1cbac27 -> 
  custom:video-encoder-webm-vp8: eb34c28f22e8b96e1ab97ce403110664 -> 
  custom:video-decoder-webm-vp8: 9c59270c3fd7afecdb556c50c9e8de78 -> 
  custom:audio-decoder-ogg-vorbis: bf7c407c2cedff20999df2af8eb42d56 -> 
  custom:audio-encoder-webm-vorbis: bf7c407c2cedff20999df2af8eb42d56 -> 
========================================================================
Received Import Request.
  Time since last request: 343.514529 seconds.
  path: Assets/Material/0001-9138124741_20211002_131421_0000.png
  artifactKey: Guid(23dfe7f50a63c0545aaf1bdc192cdca9) Importer(815301076,1909f56bfc062723c751e8b465ee728b)
Start importing Assets/Material/0001-9138124741_20211002_131421_0000.png using Guid(23dfe7f50a63c0545aaf1bdc192cdca9) Importer(815301076,1909f56bfc062723c751e8b465ee728b)  -> (artifact id: '80c3239da91a4be881d8a38b85fe9aad') in 0.058601 seconds 
  Import took 0.073682 seconds .

========================================================================
Received Import Request.
  Time since last request: 0.000368 seconds.
  path: Assets/Material/0001-9233648617_20211004_074415_0000.png
  artifactKey: Guid(50dbc4cd4665bdf4fb731118dfd8d295) Importer(815301076,1909f56bfc062723c751e8b465ee728b)
Start importing Assets/Material/0001-9233648617_20211004_074415_0000.png using Guid(50dbc4cd4665bdf4fb731118dfd8d295) Importer(815301076,1909f56bfc062723c751e8b465ee728b)  -> (artifact id: '6a86ad67504746b543bf8bc88454863e') in 0.029228 seconds 
  Import took 0.054757 seconds .

========================================================================
Received Import Request.
  Time since last request: 0.000293 seconds.
  path: Assets/Material/0001-9180042763_20211003_091022_0000.png
  artifactKey: Guid(02ac0763c52f31b43a772ef21f88f767) Importer(815301076,1909f56bfc062723c751e8b465ee728b)
Start importing Assets/Material/0001-9180042763_20211003_091022_0000.png using Guid(02ac0763c52f31b43a772ef21f88f767) Importer(815301076,1909f56bfc062723c751e8b465ee728b)  -> (artifact id: '6e28801b5ebebd82d9a8177ae808ad90') in 0.056802 seconds 
  Import took 0.089398 seconds .

========================================================================
Received Import Request.
  Time since last request: 0.000294 seconds.
  path: Assets/Material/0001-9234357938_20211004_080125_0000.png
  artifactKey: Guid(d7e956e0d33af9844bd75cbca1149c20) Importer(815301076,1909f56bfc062723c751e8b465ee728b)
Start importing Assets/Material/0001-9234357938_20211004_080125_0000.png using Guid(d7e956e0d33af9844bd75cbca1149c20) Importer(815301076,1909f56bfc062723c751e8b465ee728b)  -> (artifact id: '9bcc3c0e4b76b5cedb8164d70af8ae5c') in 0.036172 seconds 
  Import took 0.053839 seconds .

========================================================================
Received Import Request.
  Time since last request: 0.000353 seconds.
  path: Assets/Material/0001-9234020389_20211004_075317_0000.png
  artifactKey: Guid(5e7b7d790c1b7984bbab3f43e0a95c0b) Importer(815301076,1909f56bfc062723c751e8b465ee728b)
Start importing Assets/Material/0001-9234020389_20211004_075317_0000.png using Guid(5e7b7d790c1b7984bbab3f43e0a95c0b) Importer(815301076,1909f56bfc062723c751e8b465ee728b)  -> (artifact id: '66b4751715515cd9f7545c14addb4f09') in 0.034995 seconds 
  Import took 0.063192 seconds .

========================================================================
Received Import Request.
  Time since last request: 0.000270 seconds.
  path: Assets/Material/0001-9233743274_20211004_074632_0000.png
  artifactKey: Guid(849a0a1670424c944ae9f8f578bc690d) Importer(815301076,1909f56bfc062723c751e8b465ee728b)
Start importing Assets/Material/0001-9233743274_20211004_074632_0000.png using Guid(849a0a1670424c944ae9f8f578bc690d) Importer(815301076,1909f56bfc062723c751e8b465ee728b)  -> (artifact id: '71cd442827388a423631a2eb3a43d5a3') in 0.058504 seconds 
  Import took 0.097722 seconds .

========================================================================
Received Import Request.
  Time since last request: 0.000287 seconds.
  path: Assets/Material/0001-9234218388_20211004_075803_0000.png
  artifactKey: Guid(5947b843b1645ea4497fcc16af96e47e) Importer(815301076,1909f56bfc062723c751e8b465ee728b)
Start importing Assets/Material/0001-9234218388_20211004_075803_0000.png using Guid(5947b843b1645ea4497fcc16af96e47e) Importer(815301076,1909f56bfc062723c751e8b465ee728b)  -> (artifact id: '00bc2971cebcbd55029ae54eebe4ff28') in 0.045084 seconds 
  Import took 0.064208 seconds .

========================================================================
Received Import Request.
  Time since last request: 0.000283 seconds.
  path: Assets/Material/0001-9238238236_20211004_092925_0000.png
  artifactKey: Guid(a97c5b3b8bb33334bb33a35413b87c60) Importer(815301076,1909f56bfc062723c751e8b465ee728b)
Start importing Assets/Material/0001-9238238236_20211004_092925_0000.png using Guid(a97c5b3b8bb33334bb33a35413b87c60) Importer(815301076,1909f56bfc062723c751e8b465ee728b)  -> (artifact id: '8ea40229391c505309449b19408c2107') in 0.035703 seconds 
  Import took 0.052982 seconds .

========================================================================
Received Import Request.
  Time since last request: 17.228182 seconds.
  path: Assets/Material/xcvb 4.mat
  artifactKey: Guid(1e8303925fbd4604ea4a60d5e658527e) Importer(815301076,1909f56bfc062723c751e8b465ee728b)
Start importing Assets/Material/xcvb 4.mat using Guid(1e8303925fbd4604ea4a60d5e658527e) Importer(815301076,1909f56bfc062723c751e8b465ee728b)  -> (artifact id: '5f18f1cd855289773d82b09b6a2f7f08') in 0.048447 seconds 
  Import took 0.068106 seconds .

========================================================================
Received Import Request.
  Time since last request: 0.577802 seconds.
  path: Assets/Material/xcvb 5.mat
  artifactKey: Guid(26e21923a07bfa44f9c83f2d44b63e2e) Importer(815301076,1909f56bfc062723c751e8b465ee728b)
Start importing Assets/Material/xcvb 5.mat using Guid(26e21923a07bfa44f9c83f2d44b63e2e) Importer(815301076,1909f56bfc062723c751e8b465ee728b)  -> (artifact id: '68127fccb6d698355a73846559148623') in 0.065235 seconds 
  Import took 0.094568 seconds .

========================================================================
Received Import Request.
  Time since last request: 140.895251 seconds.
  path: Assets/Material/xcvb 4.mat
  artifactKey: Guid(1e8303925fbd4604ea4a60d5e658527e) Importer(815301076,1909f56bfc062723c751e8b465ee728b)
Start importing Assets/Material/xcvb 4.mat using Guid(1e8303925fbd4604ea4a60d5e658527e) Importer(815301076,1909f56bfc062723c751e8b465ee728b)  -> (artifact id: 'fa65c06b54324aed154f52f3a262e725') in 0.043391 seconds 
  Import took 0.093896 seconds .

========================================================================
Received Import Request.
  Time since last request: 0.000492 seconds.
  path: Assets/Material/xcvb 5.mat
  artifactKey: Guid(26e21923a07bfa44f9c83f2d44b63e2e) Importer(815301076,1909f56bfc062723c751e8b465ee728b)
Start importing Assets/Material/xcvb 5.mat using Guid(26e21923a07bfa44f9c83f2d44b63e2e) Importer(815301076,1909f56bfc062723c751e8b465ee728b)  -> (artifact id: '9108a78aace269842cfbc2dd3d5cb83d') in 0.043554 seconds 
  Import took 0.055730 seconds .

========================================================================
Received Import Request.
  Time since last request: 0.000317 seconds.
  path: Assets/Material/xcvb 6.mat
  artifactKey: Guid(a5fc4c0119090cf4398ee76dcbbede5d) Importer(815301076,1909f56bfc062723c751e8b465ee728b)
Start importing Assets/Material/xcvb 6.mat using Guid(a5fc4c0119090cf4398ee76dcbbede5d) Importer(815301076,1909f56bfc062723c751e8b465ee728b)  -> (artifact id: '2422b85fe603fc849d88e4598a2f40f4') in 0.032612 seconds 
  Import took 0.047929 seconds .

========================================================================
Received Prepare
Shader 'Universal Render Pipeline/Particles/Lit': fallback shader 'Universal Render Pipeline/Particles/SimpleLit' not found
Refreshing native plugins compatible for Editor in 8.24 ms, found 10 plugins.
Preloading 1 native plugins for Editor in 0.07 ms.
Unloading 30 Unused Serialized files (Serialized files now loaded: 0)
System memory in use before: 87.4 MB.
System memory in use after: 87.6 MB.

Unloading 30 unused Assets to reduce memory usage. Loaded Objects now: 4041.
Total: 5.842300 ms (FindLiveObjects: 0.414500 ms CreateObjectMapping: 0.311400 ms MarkObjects: 4.936000 ms  DeleteObjects: 0.178800 ms)

AssetImportParameters requested are different than current active one (requested -> active):
  custom:framework-win-MediaFoundation: 216162199b28c13a410421893ffa2e32 -> 
  custom:video-decoder-ogg-theora: a1e56fd34408186e4bbccfd4996cb3dc -> 
  custom:container-muxer-webm: aa71ff27fc2769a1b78a27578f13a17b -> 
  custom:container-demuxer-webm: 4f35f7cbe854078d1ac9338744f61a02 -> 
  custom:container-demuxer-ogg: 62fdf1f143b41e24485cea50d1cbac27 -> 
  custom:video-encoder-webm-vp8: eb34c28f22e8b96e1ab97ce403110664 -> 
  custom:video-decoder-webm-vp8: 9c59270c3fd7afecdb556c50c9e8de78 -> 
  custom:audio-decoder-ogg-vorbis: bf7c407c2cedff20999df2af8eb42d56 -> 
  custom:audio-encoder-webm-vorbis: bf7c407c2cedff20999df2af8eb42d56 -> 
========================================================================
Received Import Request.
  Time since last request: 151.133434 seconds.
  path: Assets/Scenes/Sample Scene.unity
  artifactKey: Guid(989a309706dd2e947be7c840fc3c5db1) Importer(815301076,1909f56bfc062723c751e8b465ee728b)
Start importing Assets/Scenes/Sample Scene.unity using Guid(989a309706dd2e947be7c840fc3c5db1) Importer(815301076,1909f56bfc062723c751e8b465ee728b)  -> (artifact id: '3f3e15bcf1462e915cd6acd70a1e1436') in 0.028778 seconds 
  Import took 0.058630 seconds .

========================================================================
Received Prepare
Shader 'Universal Render Pipeline/Particles/Lit': fallback shader 'Universal Render Pipeline/Particles/SimpleLit' not found
Refreshing native plugins compatible for Editor in 13.25 ms, found 10 plugins.
Preloading 1 native plugins for Editor in 0.06 ms.
Unloading 30 Unused Serialized files (Serialized files now loaded: 0)
System memory in use before: 87.4 MB.
System memory in use after: 87.6 MB.

Unloading 30 unused Assets to reduce memory usage. Loaded Objects now: 4041.
Total: 4.821300 ms (FindLiveObjects: 0.395200 ms CreateObjectMapping: 0.245300 ms MarkObjects: 4.005300 ms  DeleteObjects: 0.174200 ms)

AssetImportParameters requested are different than current active one (requested -> active):
  custom:framework-win-MediaFoundation: 216162199b28c13a410421893ffa2e32 -> 
  custom:video-decoder-ogg-theora: a1e56fd34408186e4bbccfd4996cb3dc -> 
  custom:container-muxer-webm: aa71ff27fc2769a1b78a27578f13a17b -> 
  custom:container-demuxer-webm: 4f35f7cbe854078d1ac9338744f61a02 -> 
  custom:container-demuxer-ogg: 62fdf1f143b41e24485cea50d1cbac27 -> 
  custom:video-encoder-webm-vp8: eb34c28f22e8b96e1ab97ce403110664 -> 
  custom:video-decoder-webm-vp8: 9c59270c3fd7afecdb556c50c9e8de78 -> 
  custom:audio-decoder-ogg-vorbis: bf7c407c2cedff20999df2af8eb42d56 -> 
  custom:audio-encoder-webm-vorbis: bf7c407c2cedff20999df2af8eb42d56 -> 
========================================================================
Received Import Request.
  Time since last request: 905.220840 seconds.
  path: Assets/Scenes/Classic Cars.unity
  artifactKey: Guid(9fc0d4010bbf28b4594072e72b8655ab) Importer(815301076,1909f56bfc062723c751e8b465ee728b)
Start importing Assets/Scenes/Classic Cars.unity using Guid(9fc0d4010bbf28b4594072e72b8655ab) Importer(815301076,1909f56bfc062723c751e8b465ee728b)  -> (artifact id: '0b26ba275a2e1f07cd62b7e1976f3596') in 0.027269 seconds 
  Import took 0.399024 seconds .

========================================================================
Received Import Request.
  Time since last request: 224.121405 seconds.
  path: Assets/Material/xcvb 7.mat
  artifactKey: Guid(cc3d91062e7bad1418e8c58a2edaae93) Importer(815301076,1909f56bfc062723c751e8b465ee728b)
Start importing Assets/Material/xcvb 7.mat using Guid(cc3d91062e7bad1418e8c58a2edaae93) Importer(815301076,1909f56bfc062723c751e8b465ee728b)  -> (artifact id: '2b896b15a413c77d32ce084854a40bc5') in 0.062649 seconds 
  Import took 0.074887 seconds .

========================================================================
Received Prepare
Shader 'Universal Render Pipeline/Particles/Lit': fallback shader 'Universal Render Pipeline/Particles/SimpleLit' not found
Refreshing native plugins compatible for Editor in 9.43 ms, found 10 plugins.
Preloading 1 native plugins for Editor in 0.08 ms.
Unloading 30 Unused Serialized files (Serialized files now loaded: 0)
System memory in use before: 87.4 MB.
System memory in use after: 87.6 MB.

Unloading 30 unused Assets to reduce memory usage. Loaded Objects now: 4041.
Total: 6.980400 ms (FindLiveObjects: 1.117600 ms CreateObjectMapping: 0.299900 ms MarkObjects: 5.409900 ms  DeleteObjects: 0.151400 ms)

AssetImportParameters requested are different than current active one (requested -> active):
  custom:framework-win-MediaFoundation: 216162199b28c13a410421893ffa2e32 -> 
  custom:video-decoder-ogg-theora: a1e56fd34408186e4bbccfd4996cb3dc -> 
  custom:container-muxer-webm: aa71ff27fc2769a1b78a27578f13a17b -> 
  custom:container-demuxer-webm: 4f35f7cbe854078d1ac9338744f61a02 -> 
  custom:container-demuxer-ogg: 62fdf1f143b41e24485cea50d1cbac27 -> 
  custom:video-encoder-webm-vp8: eb34c28f22e8b96e1ab97ce403110664 -> 
  custom:video-decoder-webm-vp8: 9c59270c3fd7afecdb556c50c9e8de78 -> 
  custom:audio-decoder-ogg-vorbis: bf7c407c2cedff20999df2af8eb42d56 -> 
  custom:audio-encoder-webm-vorbis: bf7c407c2cedff20999df2af8eb42d56 -> 
========================================================================
Received Prepare
Shader 'Universal Render Pipeline/Particles/Lit': fallback shader 'Universal Render Pipeline/Particles/SimpleLit' not found
Refreshing native plugins compatible for Editor in 10.49 ms, found 10 plugins.
Preloading 1 native plugins for Editor in 0.06 ms.
Unloading 30 Unused Serialized files (Serialized files now loaded: 0)
System memory in use before: 87.4 MB.
System memory in use after: 87.6 MB.

Unloading 30 unused Assets to reduce memory usage. Loaded Objects now: 4041.
Total: 5.354700 ms (FindLiveObjects: 0.380100 ms CreateObjectMapping: 0.213000 ms MarkObjects: 4.602400 ms  DeleteObjects: 0.136700 ms)

AssetImportParameters requested are different than current active one (requested -> active):
  custom:framework-win-MediaFoundation: 216162199b28c13a410421893ffa2e32 -> 
  custom:video-decoder-ogg-theora: a1e56fd34408186e4bbccfd4996cb3dc -> 
  custom:container-muxer-webm: aa71ff27fc2769a1b78a27578f13a17b -> 
  custom:container-demuxer-webm: 4f35f7cbe854078d1ac9338744f61a02 -> 
  custom:container-demuxer-ogg: 62fdf1f143b41e24485cea50d1cbac27 -> 
  custom:video-encoder-webm-vp8: eb34c28f22e8b96e1ab97ce403110664 -> 
  custom:video-decoder-webm-vp8: 9c59270c3fd7afecdb556c50c9e8de78 -> 
  custom:audio-decoder-ogg-vorbis: bf7c407c2cedff20999df2af8eb42d56 -> 
  custom:audio-encoder-webm-vorbis: bf7c407c2cedff20999df2af8eb42d56 -> 
AssetImportWorkerClient::OnTransportError - code=2 error=End of file
