Using pre-set license
Built from '2020.3/staging' branch; Version is '2020.3.13f1 (71691879b7f5) revision 7432472'; Using compiler version '192528614'; Build Type 'Release'
OS: 'Windows 10 Pro; OS build 19044.1706; Version 2009; 64bit' Language: 'en' Physical Memory: 7827 MB
BatchMode: 1, IsHumanControllingUs: 0, StartBugReporterOnCrash: 0, Is64bit: 1, IsPro: 0

 COMMAND LINE ARGUMENTS:
C:\Program Files\Unity\Hub\Editor\2020.3.13f1\Editor\Unity.exe
-adb2
-batchMode
-noUpm
-name
AssetImportWorker0
-projectPath
D:/Documents 2/Unity/GitHub/Projects/World of The Extinct/World-Of-The-Extinct
-logFile
Logs/AssetImportWorker0.log
-srvPort
63187
Successfully changed project path to: D:/Documents 2/Unity/GitHub/Projects/World of The Extinct/World-Of-The-Extinct
D:/Documents 2/Unity/GitHub/Projects/World of The Extinct/World-Of-The-Extinct
Using Asset Import Pipeline V2.
Refreshing native plugins compatible for Editor in 18821.28 ms, found 10 plugins.
Preloading 1 native plugins for Editor in 6.22 ms.
Initialize engine version: 2020.3.13f1 (71691879b7f5)
[Subsystems] Discovering subsystems at path C:/Program Files/Unity/Hub/Editor/2020.3.13f1/Editor/Data/Resources/UnitySubsystems
[Subsystems] Discovering subsystems at path D:/Documents 2/Unity/GitHub/Projects/World of The Extinct/World-Of-The-Extinct/Assets
GfxDevice: creating device client; threaded=0
Direct3D:
    Version:  Direct3D 11.0 [level 11.1]
    Renderer: NVIDIA GeForce GTX 1050 Ti (ID=0x1c8c)
    Vendor:   
    VRAM:     4018 MB
    Driver:   30.0.15.1169
Shader 'Universal Render Pipeline/Particles/Lit': fallback shader 'Universal Render Pipeline/Particles/SimpleLit' not found
